<?xml version="1.0" encoding="UTF-8"?>
<!-- Generated by org.testng.reporters.JUnitReportReporter -->
<testsuite skipped="0" hostname="DXCINDAI683957" name="com.agile.testcases.logouttest" tests="1" failures="0" timestamp="22 Apr 2019 13:37:52 GMT" time="4.555" errors="0">
  <testcase name="logouttestcases" time="4.555" classname="com.agile.testcases.logouttest"/>
</testsuite> <!-- com.agile.testcases.logouttest -->
