<?xml version="1.0" encoding="UTF-8"?>
<!-- Generated by org.testng.reporters.JUnitReportReporter -->
<testsuite skipped="0" hostname="DXCINDAI683957" name="com.agile.testcases.Login" tests="1" failures="0" timestamp="22 Apr 2019 13:37:51 GMT" time="29.401" errors="0">
  <testcase name="login1" time="29.401" classname="com.agile.testcases.Login"/>
</testsuite> <!-- com.agile.testcases.Login -->
