<?xml version="1.0" encoding="UTF-8"?>
<!-- Generated by org.testng.reporters.JUnitReportReporter -->
<testsuite skipped="0" hostname="DXCINDAI683957" name="com.agile.testcases.Customer" tests="1" failures="0" timestamp="22 Apr 2019 13:37:51 GMT" time="0.469" errors="0">
  <testcase name="Customertest" time="0.469" classname="com.agile.testcases.Customer"/>
</testsuite> <!-- com.agile.testcases.Customer -->
